<?xml version="1.0" encoding="UTF-8"?>
<!-- Generated by org.testng.reporters.JUnitReportReporter -->
<testsuite hostname="LAPTOP-DOBLN3AU" failures="0" tests="2" name="com.qa.TestNGScripts.Day4.BeofreMethodAnnotation" time="20.391" errors="0" timestamp="2022-03-01T15:52:57 IST" skipped="0">
  <testcase classname="com.qa.TestNGScripts.Day4.BeofreMethodAnnotation" name="TestWikiHomepage" time="12.355"/>
  <system-out/>
  <testcase classname="com.qa.TestNGScripts.Day4.BeofreMethodAnnotation" name="TestWikiLoginPage" time="8.036"/>
  <system-out/>
</testsuite> <!-- com.qa.TestNGScripts.Day4.BeofreMethodAnnotation -->
