<?xml version="1.0" encoding="UTF-8"?>
<!-- Generated by org.testng.reporters.JUnitReportReporter -->
<testsuite hostname="LAPTOP-DOBLN3AU" failures="0" tests="2" name="com.qa.TestNGScripts.Day4.BeforeClassAnnoatation" time="7.312" errors="0" timestamp="2022-03-01T15:52:57 IST" skipped="0">
  <testcase classname="com.qa.TestNGScripts.Day4.BeforeClassAnnoatation" name="TestWikiHomepage" time="6.034"/>
  <system-out/>
  <testcase classname="com.qa.TestNGScripts.Day4.BeforeClassAnnoatation" name="TestWikiLoginPage" time="1.278"/>
  <system-out/>
</testsuite> <!-- com.qa.TestNGScripts.Day4.BeforeClassAnnoatation -->
