<?xml version="1.0" encoding="UTF-8"?>
<!-- Generated by org.testng.reporters.JUnitReportReporter -->
<testsuite hostname="LAPTOP-DOBLN3AU" failures="0" tests="3" name="com.qa.TestNGScripts.Day4.TestAnatotationDemo" time="0.017" errors="0" timestamp="2022-03-01T15:52:57 IST" skipped="0">
  <testcase classname="com.qa.TestNGScripts.Day4.TestAnatotationDemo" name="Login" time="0.008"/>
  <system-out/>
  <testcase classname="com.qa.TestNGScripts.Day4.TestAnatotationDemo" name="Create" time="0.001"/>
  <system-out/>
  <testcase classname="com.qa.TestNGScripts.Day4.TestAnatotationDemo" name="Logout" time="0.008"/>
  <system-out/>
</testsuite> <!-- com.qa.TestNGScripts.Day4.TestAnatotationDemo -->
